# JRE version: OpenJDK Runtime Environment (8.0_91-b14) (build 1.8.0_91-8u91-b14-0ubuntu4~16.04.1-b14)
# Java VM: OpenJDK 64-Bit Server VM (25.91-b14 mixed mode linux-amd64 compressed oops)
Heap:
 PSYoungGen      total 202240K, used 36846K [0x00000000eab00000, 0x00000000fa300000, 0x0000000100000000)
  eden space 165376K, 0% used [0x00000000eab00000,0x00000000eab00000,0x00000000f4c80000)
  from space 36864K, 99% used [0x00000000f5b00000,0x00000000f7efbbb8,0x00000000f7f00000)
  to   space 29696K, 0% used [0x00000000f8600000,0x00000000f8600000,0x00000000fa300000)
 ParOldGen       total 109056K, used 107798K [0x00000000c0000000, 0x00000000c6a80000, 0x00000000eab00000)
  object space 109056K, 98% used [0x00000000c0000000,0x00000000c69459a0,0x00000000c6a80000)
 Metaspace       used 6359K, capacity 7216K, committed 7296K, reserved 1056768K
  class space    used 587K, capacity 616K, committed 640K, reserved 1048576K
GC Heap History (10 events):
Event: 13.485 GC heap after
Heap after GC invocations=7 (full 0):
 PSYoungGen      total 72704K, used 10208K [0x00000000eab00000, 0x00000000f4200000, 0x0000000100000000)
  eden space 62464K, 0% used [0x00000000eab00000,0x00000000eab00000,0x00000000ee800000)
  from space 10240K, 99% used [0x00000000ee800000,0x00000000ef1f8010,0x00000000ef200000)
  to   space 14848K, 0% used [0x00000000f3380000,0x00000000f3380000,0x00000000f4200000)
 ParOldGen       total 42496K, used 15995K [0x00000000c0000000, 0x00000000c2980000, 0x00000000eab00000)
  object space 42496K, 37% used [0x00000000c0000000,0x00000000c0f9ee40,0x00000000c2980000)
 Metaspace       used 6007K, capacity 6960K, committed 7040K, reserved 1056768K
  class space    used 587K, capacity 616K, committed 640K, reserved 1048576K
}
Event: 15.088 GC heap before
{Heap before GC invocations=8 (full 0):
 PSYoungGen      total 72704K, used 72672K [0x00000000eab00000, 0x00000000f4200000, 0x0000000100000000)
  eden space 62464K, 100% used [0x00000000eab00000,0x00000000ee800000,0x00000000ee800000)
  from space 10240K, 99% used [0x00000000ee800000,0x00000000ef1f8010,0x00000000ef200000)
  to   space 14848K, 0% used [0x00000000f3380000,0x00000000f3380000,0x00000000f4200000)
 ParOldGen       total 42496K, used 15995K [0x00000000c0000000, 0x00000000c2980000, 0x00000000eab00000)
  object space 42496K, 37% used [0x00000000c0000000,0x00000000c0f9ee40,0x00000000c2980000)
 Metaspace       used 6156K, capacity 7088K, committed 7296K, reserved 1056768K
  class space    used 587K, capacity 616K, committed 640K, reserved 1048576K
Event: 15.382 GC heap after
Heap after GC invocations=8 (full 0):
 PSYoungGen      total 134656K, used 14816K [0x00000000eab00000, 0x00000000f4c00000, 0x0000000100000000)
  eden space 119808K, 0% used [0x00000000eab00000,0x00000000eab00000,0x00000000f2000000)
  from space 14848K, 99% used [0x00000000f3380000,0x00000000f41f8020,0x00000000f4200000)
  to   space 19968K, 0% used [0x00000000f2000000,0x00000000f2000000,0x00000000f3380000)
 ParOldGen       total 42496K, used 20837K [0x00000000c0000000, 0x00000000c2980000, 0x00000000eab00000)
  object space 42496K, 49% used [0x00000000c0000000,0x00000000c14597e8,0x00000000c2980000)
 Metaspace       used 6156K, capacity 7088K, committed 7296K, reserved 1056768K
  class space    used 587K, capacity 616K, committed 640K, reserved 1048576K
}
Event: 23.191 GC heap before
{Heap before GC invocations=9 (full 0):
 PSYoungGen      total 134656K, used 134624K [0x00000000eab00000, 0x00000000f4c00000, 0x0000000100000000)
  eden space 119808K, 100% used [0x00000000eab00000,0x00000000f2000000,0x00000000f2000000)
  from space 14848K, 99% used [0x00000000f3380000,0x00000000f41f8020,0x00000000f4200000)
  to   space 19968K, 0% used [0x00000000f2000000,0x00000000f2000000,0x00000000f3380000)
 ParOldGen       total 42496K, used 20837K [0x00000000c0000000, 0x00000000c2980000, 0x00000000eab00000)
  object space 42496K, 49% used [0x00000000c0000000,0x00000000c14597e8,0x00000000c2980000)
 Metaspace       used 6309K, capacity 7152K, committed 7296K, reserved 1056768K
  class space    used 587K, capacity 616K, committed 640K, reserved 1048576K
Event: 23.815 GC heap after
Heap after GC invocations=9 (full 0):
 PSYoungGen      total 139776K, used 19940K [0x00000000eab00000, 0x00000000fa580000, 0x0000000100000000)
  eden space 119808K, 0% used [0x00000000eab00000,0x00000000eab00000,0x00000000f2000000)
  from space 19968K, 99% used [0x00000000f2000000,0x00000000f3379028,0x00000000f3380000)
  to   space 32256K, 0% used [0x00000000f8600000,0x00000000f8600000,0x00000000fa580000)
 ParOldGen       total 43520K, used 43025K [0x00000000c0000000, 0x00000000c2a80000, 0x00000000eab00000)
  object space 43520K, 98% used [0x00000000c0000000,0x00000000c2a04700,0x00000000c2a80000)
 Metaspace       used 6309K, capacity 7152K, committed 7296K, reserved 1056768K
  class space    used 587K, capacity 616K, committed 640K, reserved 1048576K
}
Event: 23.815 GC heap before
{Heap before GC invocations=10 (full 1):
 PSYoungGen      total 139776K, used 19940K [0x00000000eab00000, 0x00000000fa580000, 0x0000000100000000)
  eden space 119808K, 0% used [0x00000000eab00000,0x00000000eab00000,0x00000000f2000000)
  from space 19968K, 99% used [0x00000000f2000000,0x00000000f3379028,0x00000000f3380000)
  to   space 32256K, 0% used [0x00000000f8600000,0x00000000f8600000,0x00000000fa580000)
 ParOldGen       total 43520K, used 43025K [0x00000000c0000000, 0x00000000c2a80000, 0x00000000eab00000)
  object space 43520K, 98% used [0x00000000c0000000,0x00000000c2a04700,0x00000000c2a80000)
 Metaspace       used 6309K, capacity 7152K, committed 7296K, reserved 1056768K
  class space    used 587K, capacity 616K, committed 640K, reserved 1048576K
Event: 25.992 GC heap after
Heap after GC invocations=10 (full 1):
 PSYoungGen      total 139776K, used 16316K [0x00000000eab00000, 0x00000000fa580000, 0x0000000100000000)
  eden space 119808K, 0% used [0x00000000eab00000,0x00000000eab00000,0x00000000f2000000)
  from space 19968K, 81% used [0x00000000f2000000,0x00000000f2fef158,0x00000000f3380000)
  to   space 32256K, 0% used [0x00000000f8600000,0x00000000f8600000,0x00000000fa580000)
 ParOldGen       total 81408K, used 43272K [0x00000000c0000000, 0x00000000c4f80000, 0x00000000eab00000)
  object space 81408K, 53% used [0x00000000c0000000,0x00000000c2a42038,0x00000000c4f80000)
 Metaspace       used 6309K, capacity 7152K, committed 7296K, reserved 1056768K
  class space    used 587K, capacity 616K, committed 640K, reserved 1048576K
}
Event: 36.687 GC heap before
{Heap before GC invocations=11 (full 1):
 PSYoungGen      total 139776K, used 136124K [0x00000000eab00000, 0x00000000fa580000, 0x0000000100000000)
  eden space 119808K, 100% used [0x00000000eab00000,0x00000000f2000000,0x00000000f2000000)
  from space 19968K, 81% used [0x00000000f2000000,0x00000000f2fef158,0x00000000f3380000)
  to   space 32256K, 0% used [0x00000000f8600000,0x00000000f8600000,0x00000000fa580000)
 ParOldGen       total 81408K, used 43272K [0x00000000c0000000, 0x00000000c4f80000, 0x00000000eab00000)
  object space 81408K, 53% used [0x00000000c0000000,0x00000000c2a42038,0x00000000c4f80000)
 Metaspace       used 6353K, capacity 7216K, committed 7296K, reserved 1056768K
  class space    used 587K, capacity 616K, committed 640K, reserved 1048576K
Event: 40.457 GC heap after
Heap after GC invocations=11 (full 1):
 PSYoungGen      total 195072K, used 29531K [0x00000000eab00000, 0x00000000fa300000, 0x0000000100000000)
  eden space 165376K, 0% used [0x00000000eab00000,0x00000000eab00000,0x00000000f4c80000)
  from space 29696K, 99% used [0x00000000f8600000,0x00000000fa2d6da8,0x00000000fa300000)
  to   space 36864K, 0% used [0x00000000f5b00000,0x00000000f5b00000,0x00000000f7f00000)
 ParOldGen       total 81408K, used 50749K [0x00000000c0000000, 0x00000000c4f80000, 0x00000000eab00000)
  object space 81408K, 62% used [0x00000000c0000000,0x00000000c318f498,0x00000000c4f80000)
 Metaspace       used 6353K, capacity 7216K, committed 7296K, reserved 1056768K
  class space    used 587K, capacity 616K, committed 640K, reserved 1048576K
}
Event: 47.747 GC heap before
{Heap before GC invocations=12 (full 1):
 PSYoungGen      total 195072K, used 194907K [0x00000000eab00000, 0x00000000fa300000, 0x0000000100000000)
  eden space 165376K, 100% used [0x00000000eab00000,0x00000000f4c80000,0x00000000f4c80000)
  from space 29696K, 99% used [0x00000000f8600000,0x00000000fa2d6da8,0x00000000fa300000)
  to   space 36864K, 0% used [0x00000000f5b00000,0x00000000f5b00000,0x00000000f7f00000)
 ParOldGen       total 81408K, used 50749K [0x00000000c0000000, 0x00000000c4f80000, 0x00000000eab00000)
  object space 81408K, 62% used [0x00000000c0000000,0x00000000c318f498,0x00000000c4f80000)
 Metaspace       used 6359K, capacity 7216K, committed 7296K, reserved 1056768K
  class space    used 587K, capacity 616K, committed 640K, reserved 1048576K

